0 silly input [ 'publish' ]
1 silly flags { _: [ 'publish' ], 'reject-cycles': false, rejectCycles: false }
2 verbose rootPath /Users/marui/lerna-demo
3 info version 2.8.0
4 silly isInitialized
5 silly isInitialized true
6 silly existsSync /Users/marui/lerna-demo/VERSION
7 info versioning independent
8 silly initialize attempt
9 silly isDetachedHead
10 silly getCurrentBranch
11 verbose getCurrentBranch master
12 verbose isDetachedHead false
13 silly getCurrentBranch
14 verbose getCurrentBranch master
15 silly getUpdates
16 info Checking for updated packages...
17 silly hasTags
18 verbose hasTags true
19 silly getLastTag
20 verbose getLastTag button-demo@1.0.2
21 info Comparing with button-demo@1.0.2.
22 silly diffSinceIn button-demo@1.0.2 packages/button-demo
23 silly diff packages/button-demo/package.json
23 silly diff packages/button-demo/src/button.vue
24 verbose updated @marui01/button-demo
25 info Checking for prereleased packages...
26 silly collectDependents
27 silly isPackageDependentOf @marui01/button-demo @marui01/button-demo
28 silly collectUpdates
29 verbose has filtered update @marui01/button-demo
30 silly initialize success
31 silly execute attempt
32 silly runScriptSync preversion undefined
33 silly runScriptSync preversion @marui01/button-demo
34 silly runScriptSync version @marui01/button-demo
35 silly runScriptSync version undefined
36 silly addFile /Users/marui/lerna-demo/packages/button-demo/package.json
37 silly commit Publish
37 silly commit
37 silly commit  - @marui01/button-demo@1.0.3
38 verbose commit [ 'commit',
38 verbose commit   '--no-verify',
38 verbose commit   '-F',
38 verbose commit   '/private/var/folders/n8/599n26l92p5b7h_c7j10t0q80000gn/T/3a3143e6-c79e-4b87-91d5-2bbb763b8ee4/lerna-commit.txt' ]
39 silly addTag @marui01/button-demo@1.0.3
40 silly runScriptSync postversion @marui01/button-demo
41 silly runScriptSync postversion undefined
42 info publish Publishing packages to npm...
43 silly existsSync /Users/marui/lerna-demo/packages/button-demo/scripts/prepublish.js
44 verbose execScript No prepublish script found at /Users/marui/lerna-demo/packages/button-demo/scripts/prepublish.js
45 verbose publishing @marui01/button-demo
46 silly publishTaggedInDir latest button-demo
47 silly getExecOpts { cwd: '/Users/marui/lerna-demo/packages/button-demo' }
48 error publish Retrying failed publish: @marui01/button-demo
49 verbose publish error undefined
50 verbose publishing @marui01/button-demo
51 silly publishTaggedInDir latest button-demo
52 silly getExecOpts { cwd: '/Users/marui/lerna-demo/packages/button-demo' }
53 error publish Retrying failed publish: @marui01/button-demo
54 verbose publish error undefined
55 verbose publishing @marui01/button-demo
56 silly publishTaggedInDir latest button-demo
57 silly getExecOpts { cwd: '/Users/marui/lerna-demo/packages/button-demo' }
58 error publish Retrying failed publish: @marui01/button-demo
59 verbose publish error undefined
60 verbose publishing @marui01/button-demo
61 silly publishTaggedInDir latest button-demo
62 silly getExecOpts { cwd: '/Users/marui/lerna-demo/packages/button-demo' }
63 error publish Retrying failed publish: @marui01/button-demo
64 verbose publish error undefined
65 verbose publishing @marui01/button-demo
66 silly publishTaggedInDir latest button-demo
67 silly getExecOpts { cwd: '/Users/marui/lerna-demo/packages/button-demo' }
68 error publish Ran out of retries while publishing @marui01/button-demo Error: Command failed: npm publish --tag latest
68 error publish npm ERR! publish Failed PUT 403
68 error publish npm ERR! code E403
68 error publish npm ERR! you must verify your email before publishing a new package: https://www.npmjs.com/email-edit : @marui01/button-demo
68 error publish
68 error publish npm ERR! A complete log of this run can be found in:
68 error publish npm ERR!     /Users/marui/.npm/_logs/2018-02-22T02_56_48_196Z-debug.log
68 error publish
68 error publish     at Promise.all.then.arr (/usr/local/lib/node_modules/lerna/node_modules/execa/index.js:236:11)
68 error publish     at <anonymous>
68 error publish     at process._tickCallback (internal/process/next_tick.js:188:7)
69 error execute callback with error
70 error Error: Command failed: npm publish --tag latest
70 error npm ERR! publish Failed PUT 403
70 error npm ERR! code E403
70 error npm ERR! you must verify your email before publishing a new package: https://www.npmjs.com/email-edit : @marui01/button-demo
70 error
70 error npm ERR! A complete log of this run can be found in:
70 error npm ERR!     /Users/marui/.npm/_logs/2018-02-22T02_56_48_196Z-debug.log
70 error
70 error     at Promise.all.then.arr (/usr/local/lib/node_modules/lerna/node_modules/execa/index.js:236:11)
70 error     at <anonymous>
